2018-08-25 23:41:15,979 INFO o.a.j.u.JMeterUtils: Setting Locale to en_EN
2018-08-25 23:41:16,011 INFO o.a.j.JMeter: Loading user properties from: C:\Jmeter\bin\user.properties
2018-08-25 23:41:16,013 INFO o.a.j.JMeter: Loading system properties from: C:\Jmeter\bin\system.properties
2018-08-25 23:41:16,023 INFO o.a.j.JMeter: Copyright (c) 1998-2018 The Apache Software Foundation
2018-08-25 23:41:16,023 INFO o.a.j.JMeter: Version 4.0 r1823414
2018-08-25 23:41:16,023 INFO o.a.j.JMeter: java.version=1.8.0_161
2018-08-25 23:41:16,023 INFO o.a.j.JMeter: java.vm.name=Java HotSpot(TM) 64-Bit Server VM
2018-08-25 23:41:16,024 INFO o.a.j.JMeter: os.name=Windows 10
2018-08-25 23:41:16,024 INFO o.a.j.JMeter: os.arch=amd64
2018-08-25 23:41:16,024 INFO o.a.j.JMeter: os.version=10.0
2018-08-25 23:41:16,024 INFO o.a.j.JMeter: file.encoding=Cp1252
2018-08-25 23:41:16,024 INFO o.a.j.JMeter: Max memory     =1073741824
2018-08-25 23:41:16,024 INFO o.a.j.JMeter: Available Processors =4
2018-08-25 23:41:16,030 INFO o.a.j.JMeter: Default Locale=English (EN)
2018-08-25 23:41:16,030 INFO o.a.j.JMeter: JMeter  Locale=English (EN)
2018-08-25 23:41:16,030 INFO o.a.j.JMeter: JMeterHome=C:\Jmeter
2018-08-25 23:41:16,031 INFO o.a.j.JMeter: user.dir  =D:\00_Workspace\04_RobotFrameWork\01_Python\RF_E2E_Testing
2018-08-25 23:41:16,031 INFO o.a.j.JMeter: PWD       =D:\00_Workspace\04_RobotFrameWork\01_Python\RF_E2E_Testing
2018-08-25 23:41:16,033 INFO o.a.j.JMeter: IP: 192.168.46.2 Name: DESKTOP-T53RC0H FullName: DESKTOP-T53RC0H
2018-08-25 23:41:16,038 INFO o.a.j.s.FileServer: Default base='D:\00_Workspace\04_RobotFrameWork\01_Python\RF_E2E_Testing'
2018-08-25 23:41:16,046 INFO o.a.j.s.FileServer: Set new base='D:\00_Workspace\07_Jmeter\00_SampleTestCases'
2018-08-25 23:41:16,303 INFO o.a.j.s.SaveService: Testplan (JMX) version: 2.2. Testlog (JTL) version: 2.2
2018-08-25 23:41:16,331 INFO o.a.j.s.SaveService: Using SaveService properties file encoding UTF-8
2018-08-25 23:41:16,339 INFO o.a.j.s.SaveService: Using SaveService properties version 4.0
2018-08-25 23:41:16,351 INFO o.a.j.s.SaveService: Loading file: D:\00_Workspace\07_Jmeter\00_SampleTestCases\etrain.info.jmx
2018-08-25 23:41:16,430 INFO o.a.j.p.h.s.HTTPSamplerBase: Parser for text/html is org.apache.jmeter.protocol.http.parser.LagartoBasedHtmlParser
2018-08-25 23:41:16,430 INFO o.a.j.p.h.s.HTTPSamplerBase: Parser for application/xhtml+xml is org.apache.jmeter.protocol.http.parser.LagartoBasedHtmlParser
2018-08-25 23:41:16,430 INFO o.a.j.p.h.s.HTTPSamplerBase: Parser for application/xml is org.apache.jmeter.protocol.http.parser.LagartoBasedHtmlParser
2018-08-25 23:41:16,430 INFO o.a.j.p.h.s.HTTPSamplerBase: Parser for text/xml is org.apache.jmeter.protocol.http.parser.LagartoBasedHtmlParser
2018-08-25 23:41:16,431 INFO o.a.j.p.h.s.HTTPSamplerBase: Parser for text/vnd.wap.wml is org.apache.jmeter.protocol.http.parser.RegexpHTMLParser
2018-08-25 23:41:16,431 INFO o.a.j.p.h.s.HTTPSamplerBase: Parser for text/css is org.apache.jmeter.protocol.http.parser.CssParser
2018-08-25 23:41:16,462 INFO o.a.j.JMeter: Creating summariser <summary>
2018-08-25 23:41:16,470 INFO o.a.j.e.StandardJMeterEngine: Running the test!
2018-08-25 23:41:16,471 INFO o.a.j.s.SampleEvent: List of sample_variables: []
2018-08-25 23:41:16,471 INFO o.a.j.s.SampleEvent: List of sample_variables: []
2018-08-25 23:41:16,478 INFO o.a.j.e.u.CompoundVariable: Note: Function class names must contain the string: '.functions.'
2018-08-25 23:41:16,479 INFO o.a.j.e.u.CompoundVariable: Note: Function class names must not contain the string: '.gui.'
2018-08-25 23:41:17,059 INFO o.a.j.JMeter: Running test (1535220677058)
2018-08-25 23:41:17,121 INFO o.a.j.e.StandardJMeterEngine: Starting ThreadGroup: 1 : Users
2018-08-25 23:41:17,129 INFO o.a.j.e.StandardJMeterEngine: Starting 10 threads for group Users.
2018-08-25 23:41:17,129 INFO o.a.j.e.StandardJMeterEngine: Thread will continue on error
2018-08-25 23:41:17,129 INFO o.a.j.t.ThreadGroup: Starting thread group... number=1 threads=10 ramp-up=1 perThread=100.0 delayedStart=false
2018-08-25 23:41:17,143 INFO o.a.j.t.ThreadGroup: Started thread group number 1
2018-08-25 23:41:17,143 INFO o.a.j.e.StandardJMeterEngine: All thread groups have been started
2018-08-25 23:41:17,144 INFO o.a.j.t.JMeterThread: Thread started: Users 1-1
2018-08-25 23:41:17,184 INFO o.a.j.p.h.s.HTTPHCAbstractImpl: Local host = DESKTOP-T53RC0H
2018-08-25 23:41:17,196 INFO o.a.j.p.h.s.HTTPHC4Impl: HTTP request retry count = 0
2018-08-25 23:41:17,209 INFO o.a.j.s.SampleResult: Note: Sample TimeStamps are START times
2018-08-25 23:41:17,209 INFO o.a.j.s.SampleResult: sampleresult.default.encoding is set to ISO-8859-1
2018-08-25 23:41:17,209 INFO o.a.j.s.SampleResult: sampleresult.useNanoTime=true
2018-08-25 23:41:17,209 INFO o.a.j.s.SampleResult: sampleresult.nanoThreadSleep=5000
2018-08-25 23:41:17,251 INFO o.a.j.t.JMeterThread: Thread started: Users 1-2
2018-08-25 23:41:17,350 INFO o.a.j.t.JMeterThread: Thread started: Users 1-3
2018-08-25 23:41:17,450 INFO o.a.j.t.JMeterThread: Thread started: Users 1-4
2018-08-25 23:41:17,551 INFO o.a.j.t.JMeterThread: Thread started: Users 1-5
2018-08-25 23:41:17,651 INFO o.a.j.t.JMeterThread: Thread started: Users 1-6
2018-08-25 23:41:17,738 INFO o.a.j.p.h.s.LazySchemeSocketFactory: Setting up HTTPS TrustAll Socket Factory
2018-08-25 23:41:17,751 INFO o.a.j.t.JMeterThread: Thread started: Users 1-7
2018-08-25 23:41:17,768 INFO o.a.j.u.JsseSSLManager: Using default SSL protocol: TLS
2018-08-25 23:41:17,768 INFO o.a.j.u.JsseSSLManager: SSL session context: per-thread
2018-08-25 23:41:17,859 INFO o.a.j.t.JMeterThread: Thread started: Users 1-8
2018-08-25 23:41:17,954 INFO o.a.j.t.JMeterThread: Thread started: Users 1-9
2018-08-25 23:41:18,053 INFO o.a.j.t.JMeterThread: Thread started: Users 1-10
2018-08-25 23:41:19,208 INFO o.a.j.u.SSLManager: JmeterKeyStore Location:  type JKS
2018-08-25 23:41:19,210 INFO o.a.j.u.SSLManager: KeyStore created OK
2018-08-25 23:41:19,210 WARN o.a.j.u.SSLManager: Keystore file not found, loading empty keystore
2018-08-25 23:41:22,173 INFO o.a.j.t.JMeterThread: Thread is done: Users 1-10
2018-08-25 23:41:22,173 INFO o.a.j.t.JMeterThread: Thread is done: Users 1-7
2018-08-25 23:41:22,174 INFO o.a.j.t.JMeterThread: Thread finished: Users 1-7
2018-08-25 23:41:22,174 INFO o.a.j.t.JMeterThread: Thread finished: Users 1-10
2018-08-25 23:41:22,216 INFO o.a.j.t.JMeterThread: Thread is done: Users 1-8
2018-08-25 23:41:22,216 INFO o.a.j.t.JMeterThread: Thread finished: Users 1-8
2018-08-25 23:41:22,217 INFO o.a.j.t.JMeterThread: Thread is done: Users 1-2
2018-08-25 23:41:22,217 INFO o.a.j.t.JMeterThread: Thread finished: Users 1-2
2018-08-25 23:41:22,236 INFO o.a.j.t.JMeterThread: Thread is done: Users 1-6
2018-08-25 23:41:22,237 INFO o.a.j.t.JMeterThread: Thread finished: Users 1-6
2018-08-25 23:41:22,261 INFO o.a.j.t.JMeterThread: Thread is done: Users 1-4
2018-08-25 23:41:22,261 INFO o.a.j.t.JMeterThread: Thread finished: Users 1-4
2018-08-25 23:41:22,287 INFO o.a.j.t.JMeterThread: Thread is done: Users 1-1
2018-08-25 23:41:22,288 INFO o.a.j.t.JMeterThread: Thread finished: Users 1-1
2018-08-25 23:41:22,305 INFO o.a.j.t.JMeterThread: Thread is done: Users 1-9
2018-08-25 23:41:22,305 INFO o.a.j.t.JMeterThread: Thread finished: Users 1-9
2018-08-25 23:41:22,322 INFO o.a.j.t.JMeterThread: Thread is done: Users 1-5
2018-08-25 23:41:22,322 INFO o.a.j.t.JMeterThread: Thread finished: Users 1-5
2018-08-25 23:41:22,341 INFO o.a.j.t.JMeterThread: Thread is done: Users 1-3
2018-08-25 23:41:22,341 INFO o.a.j.t.JMeterThread: Thread finished: Users 1-3
2018-08-25 23:41:22,343 INFO o.a.j.e.StandardJMeterEngine: Notifying test listeners of end of test
2018-08-25 23:41:22,345 INFO o.a.j.r.Summariser: summary =     10 in 00:00:05 =    1.9/s Avg:  4635 Min:  4113 Max:  5044 Err:     0 (0.00%)
